VirtualBox XPCOM Server 5.1.14 r112924 linux.amd64 (Jan 16 2017 18:52:38) release log
00:00:00.003239 main     Log opened 2017-09-05T16:05:06.874626000Z
00:00:00.003244 main     Build Type: release
00:00:00.003255 main     OS Product: Linux
00:00:00.003258 main     OS Release: 4.4.64-09100-g30321742b4e0
00:00:00.003260 main     OS Version: #1 SMP PREEMPT Mon Aug 21 20:07:35 PDT 2017
00:00:00.003344 main     DMI Product Name: Banjo
00:00:00.003375 main     DMI Product Version: 1.0
00:00:00.003545 main     Host RAM: 1917MB total, 772MB available
00:00:00.003554 main     Executable: /usr/lib/virtualbox/VBoxSVC
00:00:00.003556 main     Process ID: 21293
00:00:00.003558 main     Package type: LINUX_64BITS_UBUNTU_14_04
00:00:00.006976 main     IPC socket path: /tmp/.vbox-jimmy-ipc/ipcd
00:00:00.121678 nspr-2   VirtualBox: object creation starts
00:00:00.121830 nspr-2   Home directory: '/home/jimmy/.config/VirtualBox'
00:00:00.122380 nspr-2   Loading settings file "/home/jimmy/.config/VirtualBox/VirtualBox.xml" with version "1.12-linux"
00:00:00.136573 nspr-2   NetIfAdpCtlOut: VBoxNetAdpCtl: Error while retrieving link speed for wlan0: VBoxNetAdpCtl: ioctl failed: Operation not supported
00:00:00.138380 nspr-2   NAT: resolv.conf: nameserver 24.116.0.53
00:00:00.138426 nspr-2   NAT: resolv.conf: nameserver 24.116.2.50
00:00:00.138441 nspr-2   NAT: resolv.conf: ignoring "options single-request timeout:1 attempts:5"
00:00:00.138488 nspr-2   HostDnsMonitor: old information
00:00:00.138502 nspr-2     no server entries
00:00:00.138517 nspr-2     no domain set
00:00:00.138530 nspr-2     no search string entries
00:00:00.138541 nspr-2   HostDnsMonitor: new information
00:00:00.138553 nspr-2     server 1: 24.116.0.53
00:00:00.138565 nspr-2     server 2: 24.116.2.50
00:00:00.138577 nspr-2     no domain set
00:00:00.138588 nspr-2     no search string entries
00:00:00.138607 nspr-2   HostDnsMonitorProxy::notify
00:00:00.141359 nspr-2   Failed to open "/dev/vboxdrvu", errno=2, rc=VERR_VM_DRIVER_NOT_INSTALLED
00:00:00.150491 nspr-2   VD: VDInit finished
00:00:00.194299 nspr-2   ERROR [COM]: aRC=NS_ERROR_FAILURE (0x80004005) aIID={b2547866-a0a1-4391-8b86-6952d82efaa0} aComponent={MachineWrap} aText={Runtime error opening '/home/jimmy/VirtualBox VMs/jimmy/jimmy.vbox' for reading: -102(File not found.).
00:00:00.194313 nspr-2   /home/vbox/vbox-5.1.14/src/VBox/Main/src-server/MachineImpl.cpp[745] (nsresult Machine::i_registeredInit())}, preserve=false aResultDetail=0
00:00:00.195247 nspr-2   VirtualBox: object created
00:00:00.543726 nspr-3   ERROR [COM]: aRC=NS_ERROR_FAILURE (0x80004005) aIID={b2547866-a0a1-4391-8b86-6952d82efaa0} aComponent={MachineWrap} aText={Runtime error opening '/home/jimmy/VirtualBox VMs/jimmy/jimmy.vbox' for reading: -102(File not found.).
00:00:00.543740 nspr-3   /home/vbox/vbox-5.1.14/src/VBox/Main/src-server/MachineImpl.cpp[745] (nsresult Machine::i_registeredInit())}, preserve=false aResultDetail=0
00:00:00.544636 nspr-3   ERROR [COM]: aRC=NS_ERROR_FAILURE (0x80004005) aIID={b2547866-a0a1-4391-8b86-6952d82efaa0} aComponent={MachineWrap} aText={Runtime error opening '/home/jimmy/VirtualBox VMs/jimmy/jimmy.vbox' for reading: -102(File not found.).
00:00:00.544645 nspr-3   /home/vbox/vbox-5.1.14/src/VBox/Main/src-server/MachineImpl.cpp[745] (nsresult Machine::i_registeredInit())}, preserve=false aResultDetail=0
00:00:00.546990 nspr-3   ERROR [COM]: aRC=NS_ERROR_FAILURE (0x80004005) aIID={b2547866-a0a1-4391-8b86-6952d82efaa0} aComponent={MachineWrap} aText={Runtime error opening '/home/jimmy/VirtualBox VMs/jimmy/jimmy.vbox' for reading: -102(File not found.).
00:00:00.547002 nspr-3   /home/vbox/vbox-5.1.14/src/VBox/Main/src-server/MachineImpl.cpp[745] (nsresult Machine::i_registeredInit())}, preserve=false aResultDetail=0
00:00:00.560674 nspr-3   ERROR [COM]: aRC=E_ACCESSDENIED (0x80070005) aIID={b2547866-a0a1-4391-8b86-6952d82efaa0} aComponent={MachineWrap} aText={The object functionality is limited}, preserve=false aResultDetail=0
00:00:00.560738 nspr-3   ERROR [COM]: aRC=VBOX_E_OBJECT_NOT_FOUND (0x80bb0001) aIID={0169423f-46b4-cde9-91af-1e9d5b6cd945} aComponent={VirtualBoxWrap} aText={Could not find a registered machine named 'jimmy'}, preserve=false aResultDetail=0
00:00:00.983233 nspr-2   ERROR [COM]: aRC=E_ACCESSDENIED (0x80070005) aIID={b2547866-a0a1-4391-8b86-6952d82efaa0} aComponent={MachineWrap} aText={The object functionality is limited}, preserve=false aResultDetail=0
00:00:01.134282 nspr-2   ERROR [COM]: aRC=NS_ERROR_FAILURE (0x80004005) aIID={b2547866-a0a1-4391-8b86-6952d82efaa0} aComponent={MachineWrap} aText={Runtime error opening '/home/jimmy/VirtualBox VMs/jimmy/jimmy.vbox' for reading: -102(File not found.).
00:00:01.134296 nspr-2   /home/vbox/vbox-5.1.14/src/VBox/Main/src-server/MachineImpl.cpp[745] (nsresult Machine::i_registeredInit())}, preserve=false aResultDetail=0
00:00:01.150392 nspr-2   ERROR [COM]: aRC=NS_ERROR_FAILURE (0x80004005) aIID={b2547866-a0a1-4391-8b86-6952d82efaa0} aComponent={MachineWrap} aText={Runtime error opening '/home/jimmy/VirtualBox VMs/jimmy/jimmy.vbox' for reading: -102(File not found.).
00:00:01.150406 nspr-2   /home/vbox/vbox-5.1.14/src/VBox/Main/src-server/MachineImpl.cpp[745] (nsresult Machine::i_registeredInit())}, preserve=false aResultDetail=0
00:00:01.206048 nspr-2   ERROR [COM]: aRC=NS_ERROR_FAILURE (0x80004005) aIID={b2547866-a0a1-4391-8b86-6952d82efaa0} aComponent={MachineWrap} aText={Runtime error opening '/home/jimmy/VirtualBox VMs/jimmy/jimmy.vbox' for reading: -102(File not found.).
00:00:01.206064 nspr-2   /home/vbox/vbox-5.1.14/src/VBox/Main/src-server/MachineImpl.cpp[745] (nsresult Machine::i_registeredInit())}, preserve=false aResultDetail=0
00:00:01.206769 nspr-2   ERROR [COM]: aRC=E_ACCESSDENIED (0x80070005) aIID={b2547866-a0a1-4391-8b86-6952d82efaa0} aComponent={MachineWrap} aText={The object functionality is limited}, preserve=false aResultDetail=0
00:00:01.209484 nspr-2   ERROR [COM]: aRC=E_ACCESSDENIED (0x80070005) aIID={b2547866-a0a1-4391-8b86-6952d82efaa0} aComponent={MachineWrap} aText={The object functionality is limited}, preserve=false aResultDetail=0
00:00:01.212184 nspr-2   ERROR [COM]: aRC=E_ACCESSDENIED (0x80070005) aIID={b2547866-a0a1-4391-8b86-6952d82efaa0} aComponent={MachineWrap} aText={The object functionality is limited}, preserve=false aResultDetail=0
00:00:01.214617 nspr-2   ERROR [COM]: aRC=E_ACCESSDENIED (0x80070005) aIID={b2547866-a0a1-4391-8b86-6952d82efaa0} aComponent={MachineWrap} aText={The object functionality is limited}, preserve=false aResultDetail=0
00:00:01.218916 nspr-2   ERROR [COM]: aRC=NS_ERROR_FAILURE (0x80004005) aIID={b2547866-a0a1-4391-8b86-6952d82efaa0} aComponent={MachineWrap} aText={Runtime error opening '/home/jimmy/VirtualBox VMs/jimmy/jimmy.vbox' for reading: -102(File not found.).
00:00:01.218966 nspr-2   /home/vbox/vbox-5.1.14/src/VBox/Main/src-server/MachineImpl.cpp[745] (nsresult Machine::i_registeredInit())}, preserve=false aResultDetail=0
00:00:01.227016 nspr-2   ERROR [COM]: aRC=NS_ERROR_FAILURE (0x80004005) aIID={b2547866-a0a1-4391-8b86-6952d82efaa0} aComponent={MachineWrap} aText={Runtime error opening '/home/jimmy/VirtualBox VMs/jimmy/jimmy.vbox' for reading: -102(File not found.).
00:00:01.227032 nspr-2   /home/vbox/vbox-5.1.14/src/VBox/Main/src-server/MachineImpl.cpp[745] (nsresult Machine::i_registeredInit())}, preserve=false aResultDetail=0
00:00:01.230804 nspr-2   ERROR [COM]: aRC=NS_ERROR_FAILURE (0x80004005) aIID={b2547866-a0a1-4391-8b86-6952d82efaa0} aComponent={MachineWrap} aText={Runtime error opening '/home/jimmy/VirtualBox VMs/jimmy/jimmy.vbox' for reading: -102(File not found.).
00:00:01.230818 nspr-2   /home/vbox/vbox-5.1.14/src/VBox/Main/src-server/MachineImpl.cpp[745] (nsresult Machine::i_registeredInit())}, preserve=false aResultDetail=0
00:00:01.233581 nspr-2   ERROR [COM]: aRC=NS_ERROR_FAILURE (0x80004005) aIID={b2547866-a0a1-4391-8b86-6952d82efaa0} aComponent={MachineWrap} aText={Runtime error opening '/home/jimmy/VirtualBox VMs/jimmy/jimmy.vbox' for reading: -102(File not found.).
00:00:01.233594 nspr-2   /home/vbox/vbox-5.1.14/src/VBox/Main/src-server/MachineImpl.cpp[745] (nsresult Machine::i_registeredInit())}, preserve=false aResultDetail=0
00:00:01.238980 nspr-2   ERROR [COM]: aRC=NS_ERROR_FAILURE (0x80004005) aIID={b2547866-a0a1-4391-8b86-6952d82efaa0} aComponent={MachineWrap} aText={Runtime error opening '/home/jimmy/VirtualBox VMs/jimmy/jimmy.vbox' for reading: -102(File not found.).
00:00:01.238993 nspr-2   /home/vbox/vbox-5.1.14/src/VBox/Main/src-server/MachineImpl.cpp[745] (nsresult Machine::i_registeredInit())}, preserve=false aResultDetail=0
00:00:01.245708 nspr-2   ERROR [COM]: aRC=NS_ERROR_FAILURE (0x80004005) aIID={b2547866-a0a1-4391-8b86-6952d82efaa0} aComponent={MachineWrap} aText={Runtime error opening '/home/jimmy/VirtualBox VMs/jimmy/jimmy.vbox' for reading: -102(File not found.).
00:00:01.245729 nspr-2   /home/vbox/vbox-5.1.14/src/VBox/Main/src-server/MachineImpl.cpp[745] (nsresult Machine::i_registeredInit())}, preserve=false aResultDetail=0
00:00:16.526629 main     VirtualBox: object deletion starts
00:00:16.705544 Watcher  ERROR [COM]: aRC=E_ACCESSDENIED (0x80070005) aIID={0169423f-46b4-cde9-91af-1e9d5b6cd945} aComponent={VirtualBoxWrap} aText={The object is not ready}, preserve=false aResultDetail=0
00:00:21.527762 main     {00007e0d400142b0} HostPowerServiceLinux::~HostPowerServiceLinux: RTThreadWait() for 5000 ms failed with VERR_TIMEOUT
00:00:21.529065 main     VirtualBox: object deleted
